<?xml version="1.0" encoding="UTF-8"?>
<!-- Generated by org.testng.reporters.JUnitXMLReporter -->
<testsuite ignored="0" hostname="INLEN8520055657" failures="0" tests="6" name="Default test" time="8.613" errors="0" timestamp="2024-05-07T13:39:46 IST">
  <testcase classname="AnanayMahajan.APIAssignment.userEndPoints2" name="postRequestUsingJson" time="6.134"/>
  <testcase classname="AnanayMahajan.APIAssignment.userEndPoints2" name="postRequestUsingMap" time="0.451"/>
  <testcase classname="AnanayMahajan.APIAssignment.userEndPoints2" name="postRequestUsingPojoClass" time="0.535"/>
  <testcase classname="AnanayMahajan.APIAssignment.userEndPoints2" name="getReq" time="0.482"/>
  <testcase classname="AnanayMahajan.APIAssignment.userEndPoints2" name="updateReq" time="0.463"/>
  <testcase classname="AnanayMahajan.APIAssignment.userEndPoints2" name="deleteReq" time="0.467"/>
</testsuite> <!-- Default test -->
