<?xml version="1.0" encoding="UTF-8"?>
<testng-results ignored="0" total="6" passed="6" failed="0" skipped="0">
  <reporter-output>
  </reporter-output>
  <suite started-at="2024-05-07T13:39:37 IST" name="Default suite" finished-at="2024-05-07T13:39:46 IST" duration-ms="8613">
    <groups>
    </groups>
    <test started-at="2024-05-07T13:39:37 IST" name="Default test" finished-at="2024-05-07T13:39:46 IST" duration-ms="8613">
      <class name="AnanayMahajan.APIAssignment.userEndPoints2">
        <test-method signature="postRequestUsingJson()[pri:0, instance:AnanayMahajan.APIAssignment.userEndPoints2@34a3d150]" started-at="2024-05-07T13:39:37 IST" name="postRequestUsingJson" finished-at="2024-05-07T13:39:43 IST" duration-ms="6134" status="PASS">
          <reporter-output>
          </reporter-output>
        </test-method> <!-- postRequestUsingJson -->
        <test-method signature="postRequestUsingMap()[pri:0, instance:AnanayMahajan.APIAssignment.userEndPoints2@34a3d150]" started-at="2024-05-07T13:39:44 IST" name="postRequestUsingMap" finished-at="2024-05-07T13:39:44 IST" duration-ms="451" status="PASS">
          <reporter-output>
          </reporter-output>
        </test-method> <!-- postRequestUsingMap -->
        <test-method signature="postRequestUsingPojoClass()[pri:1, instance:AnanayMahajan.APIAssignment.userEndPoints2@34a3d150]" started-at="2024-05-07T13:39:44 IST" name="postRequestUsingPojoClass" finished-at="2024-05-07T13:39:44 IST" duration-ms="535" status="PASS">
          <reporter-output>
          </reporter-output>
        </test-method> <!-- postRequestUsingPojoClass -->
        <test-method signature="getReq()[pri:0, instance:AnanayMahajan.APIAssignment.userEndPoints2@34a3d150]" started-at="2024-05-07T13:39:44 IST" name="getReq" finished-at="2024-05-07T13:39:45 IST" depends-on-methods="AnanayMahajan.APIAssignment.userEndPoints2.postRequestUsingPojoClass" duration-ms="482" status="PASS">
          <reporter-output>
          </reporter-output>
        </test-method> <!-- getReq -->
        <test-method signature="updateReq()[pri:0, instance:AnanayMahajan.APIAssignment.userEndPoints2@34a3d150]" started-at="2024-05-07T13:39:45 IST" name="updateReq" finished-at="2024-05-07T13:39:45 IST" depends-on-methods="AnanayMahajan.APIAssignment.userEndPoints2.postRequestUsingPojoClass" duration-ms="463" status="PASS">
          <reporter-output>
          </reporter-output>
        </test-method> <!-- updateReq -->
        <test-method signature="deleteReq()[pri:0, instance:AnanayMahajan.APIAssignment.userEndPoints2@34a3d150]" started-at="2024-05-07T13:39:45 IST" name="deleteReq" finished-at="2024-05-07T13:39:46 IST" depends-on-methods="AnanayMahajan.APIAssignment.userEndPoints2.getReq, AnanayMahajan.APIAssignment.userEndPoints2.updateReq, AnanayMahajan.APIAssignment.userEndPoints2.postRequestUsingPojoClass" duration-ms="467" status="PASS">
          <reporter-output>
          </reporter-output>
        </test-method> <!-- deleteReq -->
      </class> <!-- AnanayMahajan.APIAssignment.userEndPoints2 -->
    </test> <!-- Default test -->
  </suite> <!-- Default suite -->
</testng-results>
